<?xml version="1.0" encoding="UTF-8"?>
<!-- Generated by org.testng.reporters.JUnitReportReporter -->
<testsuite hostname="USER-20160229XJ" name="com.test.yonghu.AppiumYonghu" tests="2" failures="1" timestamp="27 Jul 2018 08:48:34 GMT" time="1135.752" errors="0">
  <testcase name="test003" time="1124.675" classname="com.test.yonghu.AppiumYonghu">
    <failure type="org.openqa.selenium.WebDriverException" message="An unknown server-side error occurred while processing the command. Original error: Failed to execute touch event
Build info: version: &#039;3.12.0&#039;, revision: &#039;7c6e0b3&#039;, time: &#039;2018-05-08T14:04:26.12Z&#039;
System info: host: &#039;USER-20160229XJ&#039;, ip: &#039;192.168.1.231&#039;, os.name: &#039;Windows 7&#039;, os.arch: &#039;amd64&#039;, os.version: &#039;6.1&#039;, java.version: &#039;1.8.0_73&#039;
Driver info: io.appium.java_client.AppiumDriver
Capabilities {appActivity: .activity.BeforeWelcomeActi..., appPackage: com.itsenpupulai.kuaikuaipa..., automationName: Appium, databaseEnabled: false, desired: {appActivity: .activity.BeforeWelcomeActi..., appPackage: com.itsenpupulai.kuaikuaipa..., automationName: Appium, deviceName: Redmi Note2, platformName: android, platformVersion: 5.0.2, resetKeyboard: true, sessionOverride: true, unicodeKeyboard: false}, deviceManufacturer: Xiaomi, deviceModel: Redmi Note 2, deviceName: ZL5PPBNFBI85CM59, deviceScreenSize: 1080x1920, deviceUDID: ZL5PPBNFBI85CM59, javascriptEnabled: true, locationContextEnabled: false, networkConnectionEnabled: true, platform: LINUX, platformName: LINUX, platformVersion: 5.0.2, resetKeyboard: true, sessionOverride: true, takesScreenshot: true, unicodeKeyboard: false, warnings: {}, webStorageEnabled: false}
Session ID: f2339360-2334-47e2-a0f1-82b19d077f7f">
      <![CDATA[org.openqa.selenium.WebDriverException: An unknown server-side error occurred while processing the command. Original error: Failed to execute touch event
Build info: version: '3.12.0', revision: '7c6e0b3', time: '2018-05-08T14:04:26.12Z'
System info: host: 'USER-20160229XJ', ip: '192.168.1.231', os.name: 'Windows 7', os.arch: 'amd64', os.version: '6.1', java.version: '1.8.0_73'
Driver info: io.appium.java_client.AppiumDriver
Capabilities {appActivity: .activity.BeforeWelcomeActi..., appPackage: com.itsenpupulai.kuaikuaipa..., automationName: Appium, databaseEnabled: false, desired: {appActivity: .activity.BeforeWelcomeActi..., appPackage: com.itsenpupulai.kuaikuaipa..., automationName: Appium, deviceName: Redmi Note2, platformName: android, platformVersion: 5.0.2, resetKeyboard: true, sessionOverride: true, unicodeKeyboard: false}, deviceManufacturer: Xiaomi, deviceModel: Redmi Note 2, deviceName: ZL5PPBNFBI85CM59, deviceScreenSize: 1080x1920, deviceUDID: ZL5PPBNFBI85CM59, javascriptEnabled: true, locationContextEnabled: false, networkConnectionEnabled: true, platform: LINUX, platformName: LINUX, platformVersion: 5.0.2, resetKeyboard: true, sessionOverride: true, takesScreenshot: true, unicodeKeyboard: false, warnings: {}, webStorageEnabled: false}
Session ID: f2339360-2334-47e2-a0f1-82b19d077f7f
	at sun.reflect.NativeConstructorAccessorImpl.newInstance0(Native Method)
	at sun.reflect.NativeConstructorAccessorImpl.newInstance(Unknown Source)
	at sun.reflect.DelegatingConstructorAccessorImpl.newInstance(Unknown Source)
	at java.lang.reflect.Constructor.newInstance(Unknown Source)
	at org.openqa.selenium.remote.http.W3CHttpResponseCodec.createException(W3CHttpResponseCodec.java:187)
	at org.openqa.selenium.remote.http.W3CHttpResponseCodec.decode(W3CHttpResponseCodec.java:122)
	at org.openqa.selenium.remote.http.W3CHttpResponseCodec.decode(W3CHttpResponseCodec.java:49)
	at org.openqa.selenium.remote.HttpCommandExecutor.execute(HttpCommandExecutor.java:158)
	at io.appium.java_client.remote.AppiumCommandExecutor.execute(AppiumCommandExecutor.java:231)
	at org.openqa.selenium.remote.RemoteWebDriver.execute(RemoteWebDriver.java:543)
	at io.appium.java_client.DefaultGenericMobileDriver.execute(DefaultGenericMobileDriver.java:42)
	at io.appium.java_client.AppiumDriver.execute(AppiumDriver.java:1)
	at io.appium.java_client.PerformsTouchActions.performTouchAction(PerformsTouchActions.java:41)
	at io.appium.java_client.TouchAction.perform(TouchAction.java:187)
	at com.test.util.AllAction.scrollaction(AllAction.java:277)
	at com.test.util.AllAction.sendpara(AllAction.java:49)
	at com.test.util.DependsParaAction.parama(DependsParaAction.java:33)
	at com.test.yonghu.AppiumYonghu.test003(AppiumYonghu.java:115)
	at sun.reflect.NativeMethodAccessorImpl.invoke0(Native Method)
	at sun.reflect.NativeMethodAccessorImpl.invoke(Unknown Source)
	at sun.reflect.DelegatingMethodAccessorImpl.invoke(Unknown Source)
	at java.lang.reflect.Method.invoke(Unknown Source)
	at org.testng.internal.MethodInvocationHelper.invokeMethod(MethodInvocationHelper.java:84)
	at org.testng.internal.Invoker.invokeMethod(Invoker.java:714)
	at org.testng.internal.Invoker.invokeTestMethod(Invoker.java:901)
	at org.testng.internal.Invoker.invokeTestMethods(Invoker.java:1231)
	at org.testng.internal.TestMethodWorker.invokeTestMethods(TestMethodWorker.java:127)
	at org.testng.internal.TestMethodWorker.run(TestMethodWorker.java:111)
	at org.testng.TestRunner.privateRun(TestRunner.java:767)
	at org.testng.TestRunner.run(TestRunner.java:617)
	at org.testng.SuiteRunner.runTest(SuiteRunner.java:335)
	at org.testng.SuiteRunner.runSequentially(SuiteRunner.java:330)
	at org.testng.SuiteRunner.privateRun(SuiteRunner.java:291)
	at org.testng.SuiteRunner.run(SuiteRunner.java:240)
	at org.testng.SuiteRunnerWorker.runSuite(SuiteRunnerWorker.java:52)
	at org.testng.SuiteRunnerWorker.run(SuiteRunnerWorker.java:86)
	at org.testng.TestNG.runSuitesSequentially(TestNG.java:1224)
	at org.testng.TestNG.runSuitesLocally(TestNG.java:1149)
	at org.testng.TestNG.run(TestNG.java:1057)
	at org.testng.remote.RemoteTestNG.run(RemoteTestNG.java:111)
	at org.testng.remote.RemoteTestNG.initAndRun(RemoteTestNG.java:204)
	at org.testng.remote.RemoteTestNG.main(RemoteTestNG.java:175)
]]>
    </failure>
  </testcase> <!-- test003 -->
  <testcase name="test001" time="11.077" classname="com.test.yonghu.AppiumYonghu"/>
</testsuite> <!-- com.test.yonghu.AppiumYonghu -->
